Arguments: 
  /usr/local/bin/node /usr/local/bin/yarn remove @babel/parser

PATH: 
  /Library/Frameworks/Python.framework/Versions/3.6/bin:/Users/wang/.rvm/gems/ruby-2.4.0-rc1/bin:/Users/wang/.rvm/gems/ruby-2.4.0-rc1@global/bin:/Users/wang/.rvm/rubies/ruby-2.4.0-rc1/bin:/usr/local/bin:/usr/bin:/bin:/usr/sbin:/sbin:/usr/local/aria2/bin:/Applications/Postgres.app/Contents/Versions/latest/bin:/Library/Frameworks/Python.framework/Versions/3.6/bin:/Users/wang/.rvm/gems/ruby-2.4.0-rc1/bin:/Users/wang/.rvm/gems/ruby-2.4.0-rc1@global/bin:/Users/wang/.rvm/rubies/ruby-2.4.0-rc1/bin:/usr/local/Cellar/aria2/1.29.0/bin:/Users/wang/.rvm/bin:/Users/wang/Library/Android/sdk/platform-tools/:/usr/local/Cellar/aria2/1.29.0/bin:/Users/wang/Library/Android/sdk/platform-tools/

Yarn version: 
  1.12.3

Node version: 
  10.13.0

Platform: 
  darwin x64

Trace: 
  Error: EACCES: permission denied, unlink '/Users/wang/Projects/tiny-webpack/node_modules/@babel/helper-annotate-as-pure/LICENSE'

npm manifest: 
  {
    "name": "tiny-webpack",
    "version": "0.0.1",
    "description": "tiny-webpack",
    "bin": {
      "tinypack": "index.js"
    },
    "repository": {
      "type": "git",
      "url": "git+https://github.com/wangqiang0121/tiny-webpack.git"
    },
    "author": "WangQiang",
    "license": "ISC",
    "bugs": {
      "url": "https://github.com/wangqiang0121/tiny-webpack/issues"
    },
    "homepage": "https://github.com/wangqiang0121/tiny-webpack#readme",
    "dependencies": {
      "@babel/core": "^7.2.2",
      "@babel/preset-env": "^7.2.3",
      "@babel/traverse": "^7.2.3",
      "chalk": "^2.4.2",
      "ora": "^3.0.0"
    }
  }

yarn manifest: 
  No manifest

Lockfile: 
  # THIS IS AN AUTOGENERATED FILE. DO NOT EDIT THIS FILE DIRECTLY.
  # yarn lockfile v1
  
  
  "@babel/code-frame@^7.0.0":
    version "7.0.0"
    resolved "http://registry.npm.taobao.org/@babel/code-frame/download/@babel/code-frame-7.0.0.tgz#06e2ab19bdb535385559aabb5ba59729482800f8"
    integrity sha1-BuKrGb21NThVWaq7W6WXKUgoAPg=
    dependencies:
      "@babel/highlight" "^7.0.0"
  
  "@babel/core@^7.2.2":
    version "7.2.2"
    resolved "http://registry.npm.taobao.org/@babel/core/download/@babel/core-7.2.2.tgz#07adba6dde27bb5ad8d8672f15fde3e08184a687"
    integrity sha1-B626bd4nu1rY2GcvFf3j4IGEpoc=
    dependencies:
      "@babel/code-frame" "^7.0.0"
      "@babel/generator" "^7.2.2"
      "@babel/helpers" "^7.2.0"
      "@babel/parser" "^7.2.2"
      "@babel/template" "^7.2.2"
      "@babel/traverse" "^7.2.2"
      "@babel/types" "^7.2.2"
      convert-source-map "^1.1.0"
      debug "^4.1.0"
      json5 "^2.1.0"
      lodash "^4.17.10"
      resolve "^1.3.2"
      semver "^5.4.1"
      source-map "^0.5.0"
  
  "@babel/generator@^7.2.2":
    version "7.2.2"
    resolved "http://registry.npm.taobao.org/@babel/generator/download/@babel/generator-7.2.2.tgz#18c816c70962640eab42fe8cae5f3947a5c65ccc"
    integrity sha1-GMgWxwliZA6rQv6Mrl85R6XGXMw=
    dependencies:
      "@babel/types" "^7.2.2"
      jsesc "^2.5.1"
      lodash "^4.17.10"
      source-map "^0.5.0"
      trim-right "^1.0.1"
  
  "@babel/helper-annotate-as-pure@^7.0.0":
    version "7.0.0"
    resolved "http://registry.npm.taobao.org/@babel/helper-annotate-as-pure/download/@babel/helper-annotate-as-pure-7.0.0.tgz#323d39dd0b50e10c7c06ca7d7638e6864d8c5c32"
    integrity sha1-Mj053QtQ4Qx8Bsp9djjmhk2MXDI=
    dependencies:
      "@babel/types" "^7.0.0"
  
  "@babel/helper-builder-binary-assignment-operator-visitor@^7.1.0":
    version "7.1.0"
    resolved "http://registry.npm.taobao.org/@babel/helper-builder-binary-assignment-operator-visitor/download/@babel/helper-builder-binary-assignment-operator-visitor-7.1.0.tgz#6b69628dfe4087798e0c4ed98e3d4a6b2fbd2f5f"
    integrity sha1-a2lijf5Ah3mODE7Zjj1Kay+9L18=
    dependencies:
      "@babel/helper-explode-assignable-expression" "^7.1.0"
      "@babel/types" "^7.0.0"
  
  "@babel/helper-call-delegate@^7.1.0":
    version "7.1.0"
    resolved "http://registry.npm.taobao.org/@babel/helper-call-delegate/download/@babel/helper-call-delegate-7.1.0.tgz#6a957f105f37755e8645343d3038a22e1449cc4a"
    integrity sha1-apV/EF83dV6GRTQ9MDiiLhRJzEo=
    dependencies:
      "@babel/helper-hoist-variables" "^7.0.0"
      "@babel/traverse" "^7.1.0"
      "@babel/types" "^7.0.0"
  
  "@babel/helper-define-map@^7.1.0":
    version "7.1.0"
    resolved "http://registry.npm.taobao.org/@babel/helper-define-map/download/@babel/helper-define-map-7.1.0.tgz#3b74caec329b3c80c116290887c0dd9ae468c20c"
    integrity sha1-O3TK7DKbPIDBFikIh8DdmuRowgw=
    dependencies:
      "@babel/helper-function-name" "^7.1.0"
      "@babel/types" "^7.0.0"
      lodash "^4.17.10"
  
  "@babel/helper-explode-assignable-expression@^7.1.0":
    version "7.1.0"
    resolved "http://registry.npm.taobao.org/@babel/helper-explode-assignable-expression/download/@babel/helper-explode-assignable-expression-7.1.0.tgz#537fa13f6f1674df745b0c00ec8fe4e99681c8f6"
    integrity sha1-U3+hP28WdN90WwwA7I/k6ZaByPY=
    dependencies:
      "@babel/traverse" "^7.1.0"
      "@babel/types" "^7.0.0"
  
  "@babel/helper-function-name@^7.1.0":
    version "7.1.0"
    resolved "http://registry.npm.taobao.org/@babel/helper-function-name/download/@babel/helper-function-name-7.1.0.tgz#a0ceb01685f73355d4360c1247f582bfafc8ff53"
    integrity sha1-oM6wFoX3M1XUNgwSR/WCv6/I/1M=
    dependencies:
      "@babel/helper-get-function-arity" "^7.0.0"
      "@babel/template" "^7.1.0"
      "@babel/types" "^7.0.0"
  
  "@babel/helper-get-function-arity@^7.0.0":
    version "7.0.0"
    resolved "http://registry.npm.taobao.org/@babel/helper-get-function-arity/download/@babel/helper-get-function-arity-7.0.0.tgz#83572d4320e2a4657263734113c42868b64e49c3"
    integrity sha1-g1ctQyDipGVyY3NBE8QoaLZOScM=
    dependencies:
      "@babel/types" "^7.0.0"
  
  "@babel/helper-hoist-variables@^7.0.0":
    version "7.0.0"
    resolved "http://registry.npm.taobao.org/@babel/helper-hoist-variables/download/@babel/helper-hoist-variables-7.0.0.tgz#46adc4c5e758645ae7a45deb92bab0918c23bb88"
    integrity sha1-Rq3ExedYZFrnpF3rkrqwkYwju4g=
    dependencies:
      "@babel/types" "^7.0.0"
  
  "@babel/helper-member-expression-to-functions@^7.0.0":
    version "7.0.0"
    resolved "http://registry.npm.taobao.org/@babel/helper-member-expression-to-functions/download/@babel/helper-member-expression-to-functions-7.0.0.tgz#8cd14b0a0df7ff00f009e7d7a436945f47c7a16f"
    integrity sha1-jNFLCg33/wDwCefXpDaUX0fHoW8=
    dependencies:
      "@babel/types" "^7.0.0"
  
  "@babel/helper-module-imports@^7.0.0":
    version "7.0.0"
    resolved "http://registry.npm.taobao.org/@babel/helper-module-imports/download/@babel/helper-module-imports-7.0.0.tgz#96081b7111e486da4d2cd971ad1a4fe216cc2e3d"
    integrity sha1-lggbcRHkhtpNLNlxrRpP4hbMLj0=
    dependencies:
      "@babel/types" "^7.0.0"
  
  "@babel/helper-module-transforms@^7.1.0":
    version "7.2.2"
    resolved "http://registry.npm.taobao.org/@babel/helper-module-transforms/download/@babel/helper-module-transforms-7.2.2.tgz#ab2f8e8d231409f8370c883d20c335190284b963"
    integrity sha1-qy+OjSMUCfg3DIg9IMM1GQKEuWM=
    dependencies:
      "@babel/helper-module-imports" "^7.0.0"
      "@babel/helper-simple-access" "^7.1.0"
      "@babel/helper-split-export-declaration" "^7.0.0"
      "@babel/template" "^7.2.2"
      "@babel/types" "^7.2.2"
      lodash "^4.17.10"
  
  "@babel/helper-optimise-call-expression@^7.0.0":
    version "7.0.0"
    resolved "http://registry.npm.taobao.org/@babel/helper-optimise-call-expression/download/@babel/helper-optimise-call-expression-7.0.0.tgz#a2920c5702b073c15de51106200aa8cad20497d5"
    integrity sha1-opIMVwKwc8Fd5REGIAqoytIEl9U=
    dependencies:
      "@babel/types" "^7.0.0"
  
  "@babel/helper-plugin-utils@^7.0.0":
    version "7.0.0"
    resolved "http://registry.npm.taobao.org/@babel/helper-plugin-utils/download/@babel/helper-plugin-utils-7.0.0.tgz#bbb3fbee98661c569034237cc03967ba99b4f250"
    integrity sha1-u7P77phmHFaQNCN8wDlnupm08lA=
  
  "@babel/helper-regex@^7.0.0":
    version "7.0.0"
    resolved "http://registry.npm.taobao.org/@babel/helper-regex/download/@babel/helper-regex-7.0.0.tgz#2c1718923b57f9bbe64705ffe5640ac64d9bdb27"
    integrity sha1-LBcYkjtX+bvmRwX/5WQKxk2b2yc=
    dependencies:
      lodash "^4.17.10"
  
  "@babel/helper-remap-async-to-generator@^7.1.0":
    version "7.1.0"
    resolved "http://registry.npm.taobao.org/@babel/helper-remap-async-to-generator/download/@babel/helper-remap-async-to-generator-7.1.0.tgz#361d80821b6f38da75bd3f0785ece20a88c5fe7f"
    integrity sha1-Nh2AghtvONp1vT8HheziCojF/n8=
    dependencies:
      "@babel/helper-annotate-as-pure" "^7.0.0"
      "@babel/helper-wrap-function" "^7.1.0"
      "@babel/template" "^7.1.0"
      "@babel/traverse" "^7.1.0"
      "@babel/types" "^7.0.0"
  
  "@babel/helper-replace-supers@^7.1.0":
    version "7.2.3"
    resolved "http://registry.npm.taobao.org/@babel/helper-replace-supers/download/@babel/helper-replace-supers-7.2.3.tgz#19970020cf22677d62b3a689561dbd9644d8c5e5"
    integrity sha1-GZcAIM8iZ31is6aJVh29lkTYxeU=
    dependencies:
      "@babel/helper-member-expression-to-functions" "^7.0.0"
      "@babel/helper-optimise-call-expression" "^7.0.0"
      "@babel/traverse" "^7.2.3"
      "@babel/types" "^7.0.0"
  
  "@babel/helper-simple-access@^7.1.0":
    version "7.1.0"
    resolved "http://registry.npm.taobao.org/@babel/helper-simple-access/download/@babel/helper-simple-access-7.1.0.tgz#65eeb954c8c245beaa4e859da6188f39d71e585c"
    integrity sha1-Ze65VMjCRb6qToWdphiPOdceWFw=
    dependencies:
      "@babel/template" "^7.1.0"
      "@babel/types" "^7.0.0"
  
  "@babel/helper-split-export-declaration@^7.0.0":
    version "7.0.0"
    resolved "http://registry.npm.taobao.org/@babel/helper-split-export-declaration/download/@babel/helper-split-export-declaration-7.0.0.tgz#3aae285c0311c2ab095d997b8c9a94cad547d813"
    integrity sha1-Oq4oXAMRwqsJXZl7jJqUytVH2BM=
    dependencies:
      "@babel/types" "^7.0.0"
  
  "@babel/helper-wrap-function@^7.1.0":
    version "7.2.0"
    resolved "http://registry.npm.taobao.org/@babel/helper-wrap-function/download/@babel/helper-wrap-function-7.2.0.tgz#c4e0012445769e2815b55296ead43a958549f6fa"
    integrity sha1-xOABJEV2nigVtVKW6tQ6lYVJ9vo=
    dependencies:
      "@babel/helper-function-name" "^7.1.0"
      "@babel/template" "^7.1.0"
      "@babel/traverse" "^7.1.0"
      "@babel/types" "^7.2.0"
  
  "@babel/helpers@^7.2.0":
    version "7.2.0"
    resolved "http://registry.npm.taobao.org/@babel/helpers/download/@babel/helpers-7.2.0.tgz#8335f3140f3144270dc63c4732a4f8b0a50b7a21"
    integrity sha1-gzXzFA8xRCcNxjxHMqT4sKULeiE=
    dependencies:
      "@babel/template" "^7.1.2"
      "@babel/traverse" "^7.1.5"
      "@babel/types" "^7.2.0"
  
  "@babel/highlight@^7.0.0":
    version "7.0.0"
    resolved "http://registry.npm.taobao.org/@babel/highlight/download/@babel/highlight-7.0.0.tgz#f710c38c8d458e6dd9a201afb637fcb781ce99e4"
    integrity sha1-9xDDjI1Fjm3ZogGvtjf8t4HOmeQ=
    dependencies:
      chalk "^2.0.0"
      esutils "^2.0.2"
      js-tokens "^4.0.0"
  
  "@babel/parser@^7.2.2", "@babel/parser@^7.2.3":
    version "7.2.3"
    resolved "http://registry.npm.taobao.org/@babel/parser/download/@babel/parser-7.2.3.tgz#32f5df65744b70888d17872ec106b02434ba1489"
    integrity sha1-MvXfZXRLcIiNF4cuwQawJDS6FIk=
  
  "@babel/plugin-proposal-async-generator-functions@^7.2.0":
    version "7.2.0"
    resolved "http://registry.npm.taobao.org/@babel/plugin-proposal-async-generator-functions/download/@babel/plugin-proposal-async-generator-functions-7.2.0.tgz#b289b306669dce4ad20b0252889a15768c9d417e"
    integrity sha1-somzBmadzkrSCwJSiJoVdoydQX4=
    dependencies:
      "@babel/helper-plugin-utils" "^7.0.0"
      "@babel/helper-remap-async-to-generator" "^7.1.0"
      "@babel/plugin-syntax-async-generators" "^7.2.0"
  
  "@babel/plugin-proposal-json-strings@^7.2.0":
    version "7.2.0"
    resolved "http://registry.npm.taobao.org/@babel/plugin-proposal-json-strings/download/@babel/plugin-proposal-json-strings-7.2.0.tgz#568ecc446c6148ae6b267f02551130891e29f317"
    integrity sha1-Vo7MRGxhSK5rJn8CVREwiR4p8xc=
    dependencies:
      "@babel/helper-plugin-utils" "^7.0.0"
      "@babel/plugin-syntax-json-strings" "^7.2.0"
  
  "@babel/plugin-proposal-object-rest-spread@^7.2.0":
    version "7.2.0"
    resolved "http://registry.npm.taobao.org/@babel/plugin-proposal-object-rest-spread/download/@babel/plugin-proposal-object-rest-spread-7.2.0.tgz#88f5fec3e7ad019014c97f7ee3c992f0adbf7fb8"
    integrity sha1-iPX+w+etAZAUyX9+48mS8K2/f7g=
    dependencies:
      "@babel/helper-plugin-utils" "^7.0.0"
      "@babel/plugin-syntax-object-rest-spread" "^7.2.0"
  
  "@babel/plugin-proposal-optional-catch-binding@^7.2.0":
    version "7.2.0"
    resolved "http://registry.npm.taobao.org/@babel/plugin-proposal-optional-catch-binding/download/@babel/plugin-proposal-optional-catch-binding-7.2.0.tgz#135d81edb68a081e55e56ec48541ece8065c38f5"
    integrity sha1-E12B7baKCB5V5W7EhUHs6AZcOPU=
    dependencies:
      "@babel/helper-plugin-utils" "^7.0.0"
      "@babel/plugin-syntax-optional-catch-binding" "^7.2.0"
  
  "@babel/plugin-proposal-unicode-property-regex@^7.2.0":
    version "7.2.0"
    resolved "http://registry.npm.taobao.org/@babel/plugin-proposal-unicode-property-regex/download/@babel/plugin-proposal-unicode-property-regex-7.2.0.tgz#abe7281fe46c95ddc143a65e5358647792039520"
    integrity sha1-q+coH+Rsld3BQ6ZeU1hkd5IDlSA=
    dependencies:
      "@babel/helper-plugin-utils" "^7.0.0"
      "@babel/helper-regex" "^7.0.0"
      regexpu-core "^4.2.0"
  
  "@babel/plugin-syntax-async-generators@^7.2.0":
    version "7.2.0"
    resolved "http://registry.npm.taobao.org/@babel/plugin-syntax-async-generators/download/@babel/plugin-syntax-async-generators-7.2.0.tgz#69e1f0db34c6f5a0cf7e2b3323bf159a76c8cb7f"
    integrity sha1-aeHw2zTG9aDPfiszI78VmnbIy38=
    dependencies:
      "@babel/helper-plugin-utils" "^7.0.0"
  
  "@babel/plugin-syntax-json-strings@^7.2.0":
    version "7.2.0"
    resolved "http://registry.npm.taobao.org/@babel/plugin-syntax-json-strings/download/@babel/plugin-syntax-json-strings-7.2.0.tgz#72bd13f6ffe1d25938129d2a186b11fd62951470"
    integrity sha1-cr0T9v/h0lk4Ep0qGGsR/WKVFHA=
    dependencies:
      "@babel/helper-plugin-utils" "^7.0.0"
  
  "@babel/plugin-syntax-object-rest-spread@^7.2.0":
    version "7.2.0"
    resolved "http://registry.npm.taobao.org/@babel/plugin-syntax-object-rest-spread/download/@babel/plugin-syntax-object-rest-spread-7.2.0.tgz#3b7a3e733510c57e820b9142a6579ac8b0dfad2e"
    integrity sha1-O3o+czUQxX6CC5FCpleayLDfrS4=
    dependencies:
      "@babel/helper-plugin-utils" "^7.0.0"
  
  "@babel/plugin-syntax-optional-catch-binding@^7.2.0":
    version "7.2.0"
    resolved "http://registry.npm.taobao.org/@babel/plugin-syntax-optional-catch-binding/download/@babel/plugin-syntax-optional-catch-binding-7.2.0.tgz#a94013d6eda8908dfe6a477e7f9eda85656ecf5c"
    integrity sha1-qUAT1u2okI3+akd+f57ahWVuz1w=
    dependencies:
      "@babel/helper-plugin-utils" "^7.0.0"
  
  "@babel/plugin-transform-arrow-functions@^7.2.0":
    version "7.2.0"
    resolved "http://registry.npm.taobao.org/@babel/plugin-transform-arrow-functions/download/@babel/plugin-transform-arrow-functions-7.2.0.tgz#9aeafbe4d6ffc6563bf8f8372091628f00779550"
    integrity sha1-mur75Nb/xlY7+Pg3IJFijwB3lVA=
    dependencies:
      "@babel/helper-plugin-utils" "^7.0.0"
  
  "@babel/plugin-transform-async-to-generator@^7.2.0":
    version "7.2.0"
    resolved "http://registry.npm.taobao.org/@babel/plugin-transform-async-to-generator/download/@babel/plugin-transform-async-to-generator-7.2.0.tgz#68b8a438663e88519e65b776f8938f3445b1a2ff"
    integrity sha1-aLikOGY+iFGeZbd2+JOPNEWxov8=
    dependencies:
      "@babel/helper-module-imports" "^7.0.0"
      "@babel/helper-plugin-utils" "^7.0.0"
      "@babel/helper-remap-async-to-generator" "^7.1.0"
  
  "@babel/plugin-transform-block-scoped-functions@^7.2.0":
    version "7.2.0"
    resolved "http://registry.npm.taobao.org/@babel/plugin-transform-block-scoped-functions/download/@babel/plugin-transform-block-scoped-functions-7.2.0.tgz#5d3cc11e8d5ddd752aa64c9148d0db6cb79fd190"
    integrity sha1-XTzBHo1d3XUqpkyRSNDbbLef0ZA=
    dependencies:
      "@babel/helper-plugin-utils" "^7.0.0"
  
  "@babel/plugin-transform-block-scoping@^7.2.0":
    version "7.2.0"
    resolved "http://registry.npm.taobao.org/@babel/plugin-transform-block-scoping/download/@babel/plugin-transform-block-scoping-7.2.0.tgz#f17c49d91eedbcdf5dd50597d16f5f2f770132d4"
    integrity sha1-8XxJ2R7tvN9d1QWX0W9fL3cBMtQ=
    dependencies:
      "@babel/helper-plugin-utils" "^7.0.0"
      lodash "^4.17.10"
  
  "@babel/plugin-transform-classes@^7.2.0":
    version "7.2.2"
    resolved "http://registry.npm.taobao.org/@babel/plugin-transform-classes/download/@babel/plugin-transform-classes-7.2.2.tgz#6c90542f210ee975aa2aa8c8b5af7fa73a126953"
    integrity sha1-bJBULyEO6XWqKqjIta9/pzoSaVM=
    dependencies:
      "@babel/helper-annotate-as-pure" "^7.0.0"
      "@babel/helper-define-map" "^7.1.0"
      "@babel/helper-function-name" "^7.1.0"
      "@babel/helper-optimise-call-expression" "^7.0.0"
      "@babel/helper-plugin-utils" "^7.0.0"
      "@babel/helper-replace-supers" "^7.1.0"
      "@babel/helper-split-export-declaration" "^7.0.0"
      globals "^11.1.0"
  
  "@babel/plugin-transform-computed-properties@^7.2.0":
    version "7.2.0"
    resolved "http://registry.npm.taobao.org/@babel/plugin-transform-computed-properties/download/@babel/plugin-transform-computed-properties-7.2.0.tgz#83a7df6a658865b1c8f641d510c6f3af220216da"
    integrity sha1-g6ffamWIZbHI9kHVEMbzryICFto=
    dependencies:
      "@babel/helper-plugin-utils" "^7.0.0"
  
  "@babel/plugin-transform-destructuring@^7.2.0":
    version "7.2.0"
    resolved "http://registry.npm.taobao.org/@babel/plugin-transform-destructuring/download/@babel/plugin-transform-destructuring-7.2.0.tgz#e75269b4b7889ec3a332cd0d0c8cff8fed0dc6f3"
    integrity sha1-51JptLeInsOjMs0NDIz/j+0NxvM=
    dependencies:
      "@babel/helper-plugin-utils" "^7.0.0"
  
  "@babel/plugin-transform-dotall-regex@^7.2.0":
    version "7.2.0"
    resolved "http://registry.npm.taobao.org/@babel/plugin-transform-dotall-regex/download/@babel/plugin-transform-dotall-regex-7.2.0.tgz#f0aabb93d120a8ac61e925ea0ba440812dbe0e49"
    integrity sha1-8Kq7k9EgqKxh6SXqC6RAgS2+Dkk=
    dependencies:
      "@babel/helper-plugin-utils" "^7.0.0"
      "@babel/helper-regex" "^7.0.0"
      regexpu-core "^4.1.3"
  
  "@babel/plugin-transform-duplicate-keys@^7.2.0":
    version "7.2.0"
    resolved "http://registry.npm.taobao.org/@babel/plugin-transform-duplicate-keys/download/@babel/plugin-transform-duplicate-keys-7.2.0.tgz#d952c4930f312a4dbfff18f0b2914e60c35530b3"
    integrity sha1-2VLEkw8xKk2//xjwspFOYMNVMLM=
    dependencies:
      "@babel/helper-plugin-utils" "^7.0.0"
  
  "@babel/plugin-transform-exponentiation-operator@^7.2.0":
    version "7.2.0"
    resolved "http://registry.npm.taobao.org/@babel/plugin-transform-exponentiation-operator/download/@babel/plugin-transform-exponentiation-operator-7.2.0.tgz#a63868289e5b4007f7054d46491af51435766008"
    integrity sha1-pjhoKJ5bQAf3BU1GSRr1FDV2YAg=
    dependencies:
      "@babel/helper-builder-binary-assignment-operator-visitor" "^7.1.0"
      "@babel/helper-plugin-utils" "^7.0.0"
  
  "@babel/plugin-transform-for-of@^7.2.0":
    version "7.2.0"
    resolved "http://registry.npm.taobao.org/@babel/plugin-transform-for-of/download/@babel/plugin-transform-for-of-7.2.0.tgz#ab7468befa80f764bb03d3cb5eef8cc998e1cad9"
    integrity sha1-q3RovvqA92S7A9PLXu+MyZjhytk=
    dependencies:
      "@babel/helper-plugin-utils" "^7.0.0"
  
  "@babel/plugin-transform-function-name@^7.2.0":
    version "7.2.0"
    resolved "http://registry.npm.taobao.org/@babel/plugin-transform-function-name/download/@babel/plugin-transform-function-name-7.2.0.tgz#f7930362829ff99a3174c39f0afcc024ef59731a"
    integrity sha1-95MDYoKf+ZoxdMOfCvzAJO9Zcxo=
    dependencies:
      "@babel/helper-function-name" "^7.1.0"
      "@babel/helper-plugin-utils" "^7.0.0"
  
  "@babel/plugin-transform-literals@^7.2.0":
    version "7.2.0"
    resolved "http://registry.npm.taobao.org/@babel/plugin-transform-literals/download/@babel/plugin-transform-literals-7.2.0.tgz#690353e81f9267dad4fd8cfd77eafa86aba53ea1"
    integrity sha1-aQNT6B+SZ9rU/Yz9d+r6hqulPqE=
    dependencies:
      "@babel/helper-plugin-utils" "^7.0.0"
  
  "@babel/plugin-transform-modules-amd@^7.2.0":
    version "7.2.0"
    resolved "http://registry.npm.taobao.org/@babel/plugin-transform-modules-amd/download/@babel/plugin-transform-modules-amd-7.2.0.tgz#82a9bce45b95441f617a24011dc89d12da7f4ee6"
    integrity sha1-gqm85FuVRB9heiQBHcidEtp/TuY=
    dependencies:
      "@babel/helper-module-transforms" "^7.1.0"
      "@babel/helper-plugin-utils" "^7.0.0"
  
  "@babel/plugin-transform-modules-commonjs@^7.2.0":
    version "7.2.0"
    resolved "http://registry.npm.taobao.org/@babel/plugin-transform-modules-commonjs/download/@babel/plugin-transform-modules-commonjs-7.2.0.tgz#c4f1933f5991d5145e9cfad1dfd848ea1727f404"
    integrity sha1-xPGTP1mR1RRenPrR39hI6hcn9AQ=
    dependencies:
      "@babel/helper-module-transforms" "^7.1.0"
      "@babel/helper-plugin-utils" "^7.0.0"
      "@babel/helper-simple-access" "^7.1.0"
  
  "@babel/plugin-transform-modules-systemjs@^7.2.0":
    version "7.2.0"
    resolved "http://registry.npm.taobao.org/@babel/plugin-transform-modules-systemjs/download/@babel/plugin-transform-modules-systemjs-7.2.0.tgz#912bfe9e5ff982924c81d0937c92d24994bb9068"
    integrity sha1-kSv+nl/5gpJMgdCTfJLSSZS7kGg=
    dependencies:
      "@babel/helper-hoist-variables" "^7.0.0"
      "@babel/helper-plugin-utils" "^7.0.0"
  
  "@babel/plugin-transform-modules-umd@^7.2.0":
    version "7.2.0"
    resolved "http://registry.npm.taobao.org/@babel/plugin-transform-modules-umd/download/@babel/plugin-transform-modules-umd-7.2.0.tgz#7678ce75169f0877b8eb2235538c074268dd01ae"
    integrity sha1-dnjOdRafCHe46yI1U4wHQmjdAa4=
    dependencies:
      "@babel/helper-module-transforms" "^7.1.0"
      "@babel/helper-plugin-utils" "^7.0.0"
  
  "@babel/plugin-transform-new-target@^7.0.0":
    version "7.0.0"
    resolved "http://registry.npm.taobao.org/@babel/plugin-transform-new-target/download/@babel/plugin-transform-new-target-7.0.0.tgz#ae8fbd89517fa7892d20e6564e641e8770c3aa4a"
    integrity sha1-ro+9iVF/p4ktIOZWTmQeh3DDqko=
    dependencies:
      "@babel/helper-plugin-utils" "^7.0.0"
  
  "@babel/plugin-transform-object-super@^7.2.0":
    version "7.2.0"
    resolved "http://registry.npm.taobao.org/@babel/plugin-transform-object-super/download/@babel/plugin-transform-object-super-7.2.0.tgz#b35d4c10f56bab5d650047dad0f1d8e8814b6598"
    integrity sha1-s11MEPVrq11lAEfa0PHY6IFLZZg=
    dependencies:
      "@babel/helper-plugin-utils" "^7.0.0"
      "@babel/helper-replace-supers" "^7.1.0"
  
  "@babel/plugin-transform-parameters@^7.2.0":
    version "7.2.0"
    resolved "http://registry.npm.taobao.org/@babel/plugin-transform-parameters/download/@babel/plugin-transform-parameters-7.2.0.tgz#0d5ad15dc805e2ea866df4dd6682bfe76d1408c2"
    integrity sha1-DVrRXcgF4uqGbfTdZoK/520UCMI=
    dependencies:
      "@babel/helper-call-delegate" "^7.1.0"
      "@babel/helper-get-function-arity" "^7.0.0"
      "@babel/helper-plugin-utils" "^7.0.0"
  
  "@babel/plugin-transform-regenerator@^7.0.0":
    version "7.0.0"
    resolved "http://registry.npm.taobao.org/@babel/plugin-transform-regenerator/download/@babel/plugin-transform-regenerator-7.0.0.tgz#5b41686b4ed40bef874d7ed6a84bdd849c13e0c1"
    integrity sha1-W0Foa07UC++HTX7WqEvdhJwT4ME=
    dependencies:
      regenerator-transform "^0.13.3"
  
  "@babel/plugin-transform-shorthand-properties@^7.2.0":
    version "7.2.0"
    resolved "http://registry.npm.taobao.org/@babel/plugin-transform-shorthand-properties/download/@babel/plugin-transform-shorthand-properties-7.2.0.tgz#6333aee2f8d6ee7e28615457298934a3b46198f0"
    integrity sha1-YzOu4vjW7n4oYVRXKYk0o7RhmPA=
    dependencies:
      "@babel/helper-plugin-utils" "^7.0.0"
  
  "@babel/plugin-transform-spread@^7.2.0":
    version "7.2.2"
    resolved "http://registry.npm.taobao.org/@babel/plugin-transform-spread/download/@babel/plugin-transform-spread-7.2.2.tgz#3103a9abe22f742b6d406ecd3cd49b774919b406"
    integrity sha1-MQOpq+IvdCttQG7NPNSbd0kZtAY=
    dependencies:
      "@babel/helper-plugin-utils" "^7.0.0"
  
  "@babel/plugin-transform-sticky-regex@^7.2.0":
    version "7.2.0"
    resolved "http://registry.npm.taobao.org/@babel/plugin-transform-sticky-regex/download/@babel/plugin-transform-sticky-regex-7.2.0.tgz#a1e454b5995560a9c1e0d537dfc15061fd2687e1"
    integrity sha1-oeRUtZlVYKnB4NU338FQYf0mh+E=
    dependencies:
      "@babel/helper-plugin-utils" "^7.0.0"
      "@babel/helper-regex" "^7.0.0"
  
  "@babel/plugin-transform-template-literals@^7.2.0":
    version "7.2.0"
    resolved "http://registry.npm.taobao.org/@babel/plugin-transform-template-literals/download/@babel/plugin-transform-template-literals-7.2.0.tgz#d87ed01b8eaac7a92473f608c97c089de2ba1e5b"
    integrity sha1-2H7QG46qx6kkc/YIyXwIneK6Hls=
    dependencies:
      "@babel/helper-annotate-as-pure" "^7.0.0"
      "@babel/helper-plugin-utils" "^7.0.0"
  
  "@babel/plugin-transform-typeof-symbol@^7.2.0":
    version "7.2.0"
    resolved "http://registry.npm.taobao.org/@babel/plugin-transform-typeof-symbol/download/@babel/plugin-transform-typeof-symbol-7.2.0.tgz#117d2bcec2fbf64b4b59d1f9819894682d29f2b2"
    integrity sha1-EX0rzsL79ktLWdH5gZiUaC0p8rI=
    dependencies:
      "@babel/helper-plugin-utils" "^7.0.0"
  
  "@babel/plugin-transform-unicode-regex@^7.2.0":
    version "7.2.0"
    resolved "http://registry.npm.taobao.org/@babel/plugin-transform-unicode-regex/download/@babel/plugin-transform-unicode-regex-7.2.0.tgz#4eb8db16f972f8abb5062c161b8b115546ade08b"
    integrity sha1-TrjbFvly+Ku1BiwWG4sRVUat4Is=
    dependencies:
      "@babel/helper-plugin-utils" "^7.0.0"
      "@babel/helper-regex" "^7.0.0"
      regexpu-core "^4.1.3"
  
  "@babel/preset-env@^7.2.3":
    version "7.2.3"
    resolved "http://registry.npm.taobao.org/@babel/preset-env/download/@babel/preset-env-7.2.3.tgz#948c8df4d4609c99c7e0130169f052ea6a7a8933"
    integrity sha1-lIyN9NRgnJnH4BMBafBS6mp6iTM=
    dependencies:
      "@babel/helper-module-imports" "^7.0.0"
      "@babel/helper-plugin-utils" "^7.0.0"
      "@babel/plugin-proposal-async-generator-functions" "^7.2.0"
      "@babel/plugin-proposal-json-strings" "^7.2.0"
      "@babel/plugin-proposal-object-rest-spread" "^7.2.0"
      "@babel/plugin-proposal-optional-catch-binding" "^7.2.0"
      "@babel/plugin-proposal-unicode-property-regex" "^7.2.0"
      "@babel/plugin-syntax-async-generators" "^7.2.0"
      "@babel/plugin-syntax-object-rest-spread" "^7.2.0"
      "@babel/plugin-syntax-optional-catch-binding" "^7.2.0"
      "@babel/plugin-transform-arrow-functions" "^7.2.0"
      "@babel/plugin-transform-async-to-generator" "^7.2.0"
      "@babel/plugin-transform-block-scoped-functions" "^7.2.0"
      "@babel/plugin-transform-block-scoping" "^7.2.0"
      "@babel/plugin-transform-classes" "^7.2.0"
      "@babel/plugin-transform-computed-properties" "^7.2.0"
      "@babel/plugin-transform-destructuring" "^7.2.0"
      "@babel/plugin-transform-dotall-regex" "^7.2.0"
      "@babel/plugin-transform-duplicate-keys" "^7.2.0"
      "@babel/plugin-transform-exponentiation-operator" "^7.2.0"
      "@babel/plugin-transform-for-of" "^7.2.0"
      "@babel/plugin-transform-function-name" "^7.2.0"
      "@babel/plugin-transform-literals" "^7.2.0"
      "@babel/plugin-transform-modules-amd" "^7.2.0"
      "@babel/plugin-transform-modules-commonjs" "^7.2.0"
      "@babel/plugin-transform-modules-systemjs" "^7.2.0"
      "@babel/plugin-transform-modules-umd" "^7.2.0"
      "@babel/plugin-transform-new-target" "^7.0.0"
      "@babel/plugin-transform-object-super" "^7.2.0"
      "@babel/plugin-transform-parameters" "^7.2.0"
      "@babel/plugin-transform-regenerator" "^7.0.0"
      "@babel/plugin-transform-shorthand-properties" "^7.2.0"
      "@babel/plugin-transform-spread" "^7.2.0"
      "@babel/plugin-transform-sticky-regex" "^7.2.0"
      "@babel/plugin-transform-template-literals" "^7.2.0"
      "@babel/plugin-transform-typeof-symbol" "^7.2.0"
      "@babel/plugin-transform-unicode-regex" "^7.2.0"
      browserslist "^4.3.4"
      invariant "^2.2.2"
      js-levenshtein "^1.1.3"
      semver "^5.3.0"
  
  "@babel/template@^7.1.0", "@babel/template@^7.1.2", "@babel/template@^7.2.2":
    version "7.2.2"
    resolved "http://registry.npm.taobao.org/@babel/template/download/@babel/template-7.2.2.tgz#005b3fdf0ed96e88041330379e0da9a708eb2907"
    integrity sha1-AFs/3w7ZbogEEzA3ng2ppwjrKQc=
    dependencies:
      "@babel/code-frame" "^7.0.0"
      "@babel/parser" "^7.2.2"
      "@babel/types" "^7.2.2"
  
  "@babel/traverse@^7.1.0", "@babel/traverse@^7.1.5", "@babel/traverse@^7.2.2", "@babel/traverse@^7.2.3":
    version "7.2.3"
    resolved "http://registry.npm.taobao.org/@babel/traverse/download/@babel/traverse-7.2.3.tgz#7ff50cefa9c7c0bd2d81231fdac122f3957748d8"
    integrity sha1-f/UM76nHwL0tgSMf2sEi85V3SNg=
    dependencies:
      "@babel/code-frame" "^7.0.0"
      "@babel/generator" "^7.2.2"
      "@babel/helper-function-name" "^7.1.0"
      "@babel/helper-split-export-declaration" "^7.0.0"
      "@babel/parser" "^7.2.3"
      "@babel/types" "^7.2.2"
      debug "^4.1.0"
      globals "^11.1.0"
      lodash "^4.17.10"
  
  "@babel/types@^7.0.0", "@babel/types@^7.2.0", "@babel/types@^7.2.2":
    version "7.2.2"
    resolved "http://registry.npm.taobao.org/@babel/types/download/@babel/types-7.2.2.tgz#44e10fc24e33af524488b716cdaee5360ea8ed1e"
    integrity sha1-ROEPwk4zr1JEiLcWza7lNg6o7R4=
    dependencies:
      esutils "^2.0.2"
      lodash "^4.17.10"
      to-fast-properties "^2.0.0"
  
  ansi-regex@^3.0.0:
    version "3.0.0"
    resolved "http://registry.npm.taobao.org/ansi-regex/download/ansi-regex-3.0.0.tgz#ed0317c322064f79466c02966bddb605ab37d998"
    integrity sha1-7QMXwyIGT3lGbAKWa922Bas32Zg=
  
  ansi-styles@^3.2.1:
    version "3.2.1"
    resolved "http://registry.npm.taobao.org/ansi-styles/download/ansi-styles-3.2.1.tgz#41fbb20243e50b12be0f04b8dedbf07520ce841d"
    integrity sha1-QfuyAkPlCxK+DwS43tvwdSDOhB0=
    dependencies:
      color-convert "^1.9.0"
  
  browserslist@^4.3.4:
    version "4.4.0"
    resolved "http://registry.npm.taobao.org/browserslist/download/browserslist-4.4.0.tgz#7050d1412cbfc5274aba609ed5e50359ca1a5fdf"
    integrity sha1-cFDRQSy/xSdKumCe1eUDWcoaX98=
    dependencies:
      caniuse-lite "^1.0.30000928"
      electron-to-chromium "^1.3.100"
      node-releases "^1.1.3"
  
  caniuse-lite@^1.0.30000928:
    version "1.0.30000928"
    resolved "http://registry.npm.taobao.org/caniuse-lite/download/caniuse-lite-1.0.30000928.tgz#805e828dc72b06498e3683a32e61c7507fd67b88"
    integrity sha1-gF6CjccrBkmONoOjLmHHUH/We4g=
  
  chalk@^2.0.0, chalk@^2.0.1, chalk@^2.3.1, chalk@^2.4.2:
    version "2.4.2"
    resolved "http://registry.npm.taobao.org/chalk/download/chalk-2.4.2.tgz#cd42541677a54333cf541a49108c1432b44c9424"
    integrity sha1-zUJUFnelQzPPVBpJEIwUMrRMlCQ=
    dependencies:
      ansi-styles "^3.2.1"
      escape-string-regexp "^1.0.5"
      supports-color "^5.3.0"
  
  cli-cursor@^2.1.0:
    version "2.1.0"
    resolved "http://registry.npm.taobao.org/cli-cursor/download/cli-cursor-2.1.0.tgz#b35dac376479facc3e94747d41d0d0f5238ffcb5"
    integrity sha1-s12sN2R5+sw+lHR9QdDQ9SOP/LU=
    dependencies:
      restore-cursor "^2.0.0"
  
  cli-spinners@^1.1.0:
    version "1.3.1"
    resolved "http://registry.npm.taobao.org/cli-spinners/download/cli-spinners-1.3.1.tgz#002c1990912d0d59580c93bd36c056de99e4259a"
    integrity sha1-ACwZkJEtDVlYDJO9NsBW3pnkJZo=
  
  clone@^1.0.2:
    version "1.0.4"
    resolved "http://registry.npm.taobao.org/clone/download/clone-1.0.4.tgz#da309cc263df15994c688ca902179ca3c7cd7c7e"
    integrity sha1-2jCcwmPfFZlMaIypAheco8fNfH4=
  
  color-convert@^1.9.0:
    version "1.9.3"
    resolved "http://registry.npm.taobao.org/color-convert/download/color-convert-1.9.3.tgz#bb71850690e1f136567de629d2d5471deda4c1e8"
    integrity sha1-u3GFBpDh8TZWfeYp0tVHHe2kweg=
    dependencies:
      color-name "1.1.3"
  
  color-name@1.1.3:
    version "1.1.3"
    resolved "http://registry.npm.taobao.org/color-name/download/color-name-1.1.3.tgz#a7d0558bd89c42f795dd42328f740831ca53bc25"
    integrity sha1-p9BVi9icQveV3UIyj3QIMcpTvCU=
  
  convert-source-map@^1.1.0:
    version "1.6.0"
    resolved "http://registry.npm.taobao.org/convert-source-map/download/convert-source-map-1.6.0.tgz#51b537a8c43e0f04dec1993bffcdd504e758ac20"
    integrity sha1-UbU3qMQ+DwTewZk7/83VBOdYrCA=
    dependencies:
      safe-buffer "~5.1.1"
  
  debug@^4.1.0:
    version "4.1.1"
    resolved "http://registry.npm.taobao.org/debug/download/debug-4.1.1.tgz#3b72260255109c6b589cee050f1d516139664791"
    integrity sha1-O3ImAlUQnGtYnO4FDx1RYTlmR5E=
    dependencies:
      ms "^2.1.1"
  
  defaults@^1.0.3:
    version "1.0.3"
    resolved "http://registry.npm.taobao.org/defaults/download/defaults-1.0.3.tgz#c656051e9817d9ff08ed881477f3fe4019f3ef7d"
    integrity sha1-xlYFHpgX2f8I7YgUd/P+QBnz730=
    dependencies:
      clone "^1.0.2"
  
  electron-to-chromium@^1.3.100:
    version "1.3.103"
    resolved "http://registry.npm.taobao.org/electron-to-chromium/download/electron-to-chromium-1.3.103.tgz#a695777efdbc419cad6cbb0e58458251302cd52f"
    integrity sha1-ppV3fv28QZytbLsOWEWCUTAs1S8=
  
  escape-string-regexp@^1.0.5:
    version "1.0.5"
    resolved "http://registry.npm.taobao.org/escape-string-regexp/download/escape-string-regexp-1.0.5.tgz#1b61c0562190a8dff6ae3bb2cf0200ca130b86d4"
    integrity sha1-G2HAViGQqN/2rjuyzwIAyhMLhtQ=
  
  esutils@^2.0.2:
    version "2.0.2"
    resolved "http://registry.npm.taobao.org/esutils/download/esutils-2.0.2.tgz#0abf4f1caa5bcb1f7a9d8acc6dea4faaa04bac9b"
    integrity sha1-Cr9PHKpbyx96nYrMbepPqqBLrJs=
  
  globals@^11.1.0:
    version "11.10.0"
    resolved "http://registry.npm.taobao.org/globals/download/globals-11.10.0.tgz#1e09776dffda5e01816b3bb4077c8b59c24eaa50"
    integrity sha1-Hgl3bf/aXgGBazu0B3yLWcJOqlA=
  
  has-flag@^3.0.0:
    version "3.0.0"
    resolved "http://registry.npm.taobao.org/has-flag/download/has-flag-3.0.0.tgz#b5d454dc2199ae225699f3467e5a07f3b955bafd"
    integrity sha1-tdRU3CGZriJWmfNGfloH87lVuv0=
  
  invariant@^2.2.2:
    version "2.2.4"
    resolved "http://registry.npm.taobao.org/invariant/download/invariant-2.2.4.tgz#610f3c92c9359ce1db616e538008d23ff35158e6"
    integrity sha1-YQ88ksk1nOHbYW5TgAjSP/NRWOY=
    dependencies:
      loose-envify "^1.0.0"
  
  js-levenshtein@^1.1.3:
    version "1.1.6"
    resolved "http://registry.npm.taobao.org/js-levenshtein/download/js-levenshtein-1.1.6.tgz#c6cee58eb3550372df8deb85fad5ce66ce01d59d"
    integrity sha1-xs7ljrNVA3LfjeuF+tXOZs4B1Z0=
  
  "js-tokens@^3.0.0 || ^4.0.0", js-tokens@^4.0.0:
    version "4.0.0"
    resolved "http://registry.npm.taobao.org/js-tokens/download/js-tokens-4.0.0.tgz#19203fb59991df98e3a287050d4647cdeaf32499"
    integrity sha1-GSA/tZmR35jjoocFDUZHzerzJJk=
  
  jsesc@^2.5.1:
    version "2.5.2"
    resolved "http://registry.npm.taobao.org/jsesc/download/jsesc-2.5.2.tgz#80564d2e483dacf6e8ef209650a67df3f0c283a4"
    integrity sha1-gFZNLkg9rPbo7yCWUKZ98/DCg6Q=
  
  jsesc@~0.5.0:
    version "0.5.0"
    resolved "http://registry.npm.taobao.org/jsesc/download/jsesc-0.5.0.tgz#e7dee66e35d6fc16f710fe91d5cf69f70f08911d"
    integrity sha1-597mbjXW/Bb3EP6R1c9p9w8IkR0=
  
  json5@^2.1.0:
    version "2.1.0"
    resolved "http://registry.npm.taobao.org/json5/download/json5-2.1.0.tgz#e7a0c62c48285c628d20a10b85c89bb807c32850"
    integrity sha1-56DGLEgoXGKNIKELhcibuAfDKFA=
    dependencies:
      minimist "^1.2.0"
  
  lodash@^4.17.10:
    version "4.17.11"
    resolved "http://registry.npm.taobao.org/lodash/download/lodash-4.17.11.tgz#b39ea6229ef607ecd89e2c8df12536891cac9b8d"
    integrity sha1-s56mIp72B+zYniyN8SU2iRysm40=
  
  log-symbols@^2.2.0:
    version "2.2.0"
    resolved "http://registry.npm.taobao.org/log-symbols/download/log-symbols-2.2.0.tgz#5740e1c5d6f0dfda4ad9323b5332107ef6b4c40a"
    integrity sha1-V0Dhxdbw39pK2TI7UzIQfva0xAo=
    dependencies:
      chalk "^2.0.1"
  
  loose-envify@^1.0.0:
    version "1.4.0"
    resolved "http://registry.npm.taobao.org/loose-envify/download/loose-envify-1.4.0.tgz#71ee51fa7be4caec1a63839f7e682d8132d30caf"
    integrity sha1-ce5R+nvkyuwaY4OffmgtgTLTDK8=
    dependencies:
      js-tokens "^3.0.0 || ^4.0.0"
  
  mimic-fn@^1.0.0:
    version "1.2.0"
    resolved "http://registry.npm.taobao.org/mimic-fn/download/mimic-fn-1.2.0.tgz#820c86a39334640e99516928bd03fca88057d022"
    integrity sha1-ggyGo5M0ZA6ZUWkovQP8qIBX0CI=
  
  minimist@^1.2.0:
    version "1.2.0"
    resolved "http://registry.npm.taobao.org/minimist/download/minimist-1.2.0.tgz#a35008b20f41383eec1fb914f4cd5df79a264284"
    integrity sha1-o1AIsg9BOD7sH7kU9M1d95omQoQ=
  
  ms@^2.1.1:
    version "2.1.1"
    resolved "http://registry.npm.taobao.org/ms/download/ms-2.1.1.tgz#30a5864eb3ebb0a66f2ebe6d727af06a09d86e0a"
    integrity sha1-MKWGTrPrsKZvLr5tcnrwagnYbgo=
  
  node-releases@^1.1.3:
    version "1.1.3"
    resolved "http://registry.npm.taobao.org/node-releases/download/node-releases-1.1.3.tgz#aad9ce0dcb98129c753f772c0aa01360fb90fbd2"
    integrity sha1-qtnODcuYEpx1P3csCqATYPuQ+9I=
    dependencies:
      semver "^5.3.0"
  
  onetime@^2.0.0:
    version "2.0.1"
    resolved "http://registry.npm.taobao.org/onetime/download/onetime-2.0.1.tgz#067428230fd67443b2794b22bba528b6867962d4"
    integrity sha1-BnQoIw/WdEOyeUsiu6UotoZ5YtQ=
    dependencies:
      mimic-fn "^1.0.0"
  
  ora@^3.0.0:
    version "3.0.0"
    resolved "http://registry.npm.taobao.org/ora/download/ora-3.0.0.tgz#8179e3525b9aafd99242d63cc206fd64732741d0"
    integrity sha1-gXnjUluar9mSQtY8wgb9ZHMnQdA=
    dependencies:
      chalk "^2.3.1"
      cli-cursor "^2.1.0"
      cli-spinners "^1.1.0"
      log-symbols "^2.2.0"
      strip-ansi "^4.0.0"
      wcwidth "^1.0.1"
  
  path-parse@^1.0.6:
    version "1.0.6"
    resolved "http://registry.npm.taobao.org/path-parse/download/path-parse-1.0.6.tgz#d62dbb5679405d72c4737ec58600e9ddcf06d24c"
    integrity sha1-1i27VnlAXXLEc37FhgDp3c8G0kw=
  
  private@^0.1.6:
    version "0.1.8"
    resolved "http://registry.npm.taobao.org/private/download/private-0.1.8.tgz#2381edb3689f7a53d653190060fcf822d2f368ff"
    integrity sha1-I4Hts2ifelPWUxkAYPz4ItLzaP8=
  
  regenerate-unicode-properties@^7.0.0:
    version "7.0.0"
    resolved "http://registry.npm.taobao.org/regenerate-unicode-properties/download/regenerate-unicode-properties-7.0.0.tgz#107405afcc4a190ec5ed450ecaa00ed0cafa7a4c"
    integrity sha1-EHQFr8xKGQ7F7UUOyqAO0Mr6ekw=
    dependencies:
      regenerate "^1.4.0"
  
  regenerate@^1.4.0:
    version "1.4.0"
    resolved "http://registry.npm.taobao.org/regenerate/download/regenerate-1.4.0.tgz#4a856ec4b56e4077c557589cae85e7a4c8869a11"
    integrity sha1-SoVuxLVuQHfFV1icroXnpMiGmhE=
  
  regenerator-transform@^0.13.3:
    version "0.13.3"
    resolved "http://registry.npm.taobao.org/regenerator-transform/download/regenerator-transform-0.13.3.tgz#264bd9ff38a8ce24b06e0636496b2c856b57bcbb"
    integrity sha1-JkvZ/zioziSwbgY2SWsshWtXvLs=
    dependencies:
      private "^0.1.6"
  
  regexpu-core@^4.1.3, regexpu-core@^4.2.0:
    version "4.4.0"
    resolved "http://registry.npm.taobao.org/regexpu-core/download/regexpu-core-4.4.0.tgz#8d43e0d1266883969720345e70c275ee0aec0d32"
    integrity sha1-jUPg0SZog5aXIDRecMJ17grsDTI=
    dependencies:
      regenerate "^1.4.0"
      regenerate-unicode-properties "^7.0.0"
      regjsgen "^0.5.0"
      regjsparser "^0.6.0"
      unicode-match-property-ecmascript "^1.0.4"
      unicode-match-property-value-ecmascript "^1.0.2"
  
  regjsgen@^0.5.0:
    version "0.5.0"
    resolved "http://registry.npm.taobao.org/regjsgen/download/regjsgen-0.5.0.tgz#a7634dc08f89209c2049adda3525711fb97265dd"
    integrity sha1-p2NNwI+JIJwgSa3aNSVxH7lyZd0=
  
  regjsparser@^0.6.0:
    version "0.6.0"
    resolved "http://registry.npm.taobao.org/regjsparser/download/regjsparser-0.6.0.tgz#f1e6ae8b7da2bae96c99399b868cd6c933a2ba9c"
    integrity sha1-8eaui32iuulsmTmbhozWyTOiupw=
    dependencies:
      jsesc "~0.5.0"
  
  resolve@^1.3.2:
    version "1.9.0"
    resolved "http://registry.npm.taobao.org/resolve/download/resolve-1.9.0.tgz#a14c6fdfa8f92a7df1d996cb7105fa744658ea06"
    integrity sha1-oUxv36j5Kn3x2ZbLcQX6dEZY6gY=
    dependencies:
      path-parse "^1.0.6"
  
  restore-cursor@^2.0.0:
    version "2.0.0"
    resolved "http://registry.npm.taobao.org/restore-cursor/download/restore-cursor-2.0.0.tgz#9f7ee287f82fd326d4fd162923d62129eee0dfaf"
    integrity sha1-n37ih/gv0ybU/RYpI9YhKe7g368=
    dependencies:
      onetime "^2.0.0"
      signal-exit "^3.0.2"
  
  safe-buffer@~5.1.1:
    version "5.1.2"
    resolved "http://registry.npm.taobao.org/safe-buffer/download/safe-buffer-5.1.2.tgz#991ec69d296e0313747d59bdfd2b745c35f8828d"
    integrity sha1-mR7GnSluAxN0fVm9/St0XDX4go0=
  
  semver@^5.3.0, semver@^5.4.1:
    version "5.6.0"
    resolved "http://registry.npm.taobao.org/semver/download/semver-5.6.0.tgz#7e74256fbaa49c75aa7c7a205cc22799cac80004"
    integrity sha1-fnQlb7qknHWqfHogXMInmcrIAAQ=
  
  signal-exit@^3.0.2:
    version "3.0.2"
    resolved "http://registry.npm.taobao.org/signal-exit/download/signal-exit-3.0.2.tgz#b5fdc08f1287ea1178628e415e25132b73646c6d"
    integrity sha1-tf3AjxKH6hF4Yo5BXiUTK3NkbG0=
  
  source-map@^0.5.0:
    version "0.5.7"
    resolved "http://registry.npm.taobao.org/source-map/download/source-map-0.5.7.tgz#8a039d2d1021d22d1ea14c80d8ea468ba2ef3fcc"
    integrity sha1-igOdLRAh0i0eoUyA2OpGi6LvP8w=
  
  strip-ansi@^4.0.0:
    version "4.0.0"
    resolved "http://registry.npm.taobao.org/strip-ansi/download/strip-ansi-4.0.0.tgz#a8479022eb1ac368a871389b635262c505ee368f"
    integrity sha1-qEeQIusaw2iocTibY1JixQXuNo8=
    dependencies:
      ansi-regex "^3.0.0"
  
  supports-color@^5.3.0:
    version "5.5.0"
    resolved "http://registry.npm.taobao.org/supports-color/download/supports-color-5.5.0.tgz#e2e69a44ac8772f78a1ec0b35b689df6530efc8f"
    integrity sha1-4uaaRKyHcveKHsCzW2id9lMO/I8=
    dependencies:
      has-flag "^3.0.0"
  
  to-fast-properties@^2.0.0:
    version "2.0.0"
    resolved "http://registry.npm.taobao.org/to-fast-properties/download/to-fast-properties-2.0.0.tgz#dc5e698cbd079265bc73e0377681a4e4e83f616e"
    integrity sha1-3F5pjL0HkmW8c+A3doGk5Og/YW4=
  
  trim-right@^1.0.1:
    version "1.0.1"
    resolved "http://registry.npm.taobao.org/trim-right/download/trim-right-1.0.1.tgz#cb2e1203067e0c8de1f614094b9fe45704ea6003"
    integrity sha1-yy4SAwZ+DI3h9hQJS5/kVwTqYAM=
  
  unicode-canonical-property-names-ecmascript@^1.0.4:
    version "1.0.4"
    resolved "http://registry.npm.taobao.org/unicode-canonical-property-names-ecmascript/download/unicode-canonical-property-names-ecmascript-1.0.4.tgz#2619800c4c825800efdd8343af7dd9933cbe2818"
    integrity sha1-JhmADEyCWADv3YNDr33Zkzy+KBg=
  
  unicode-match-property-ecmascript@^1.0.4:
    version "1.0.4"
    resolved "http://registry.npm.taobao.org/unicode-match-property-ecmascript/download/unicode-match-property-ecmascript-1.0.4.tgz#8ed2a32569961bce9227d09cd3ffbb8fed5f020c"
    integrity sha1-jtKjJWmWG86SJ9Cc0/+7j+1fAgw=
    dependencies:
      unicode-canonical-property-names-ecmascript "^1.0.4"
      unicode-property-aliases-ecmascript "^1.0.4"
  
  unicode-match-property-value-ecmascript@^1.0.2:
    version "1.0.2"
    resolved "http://registry.npm.taobao.org/unicode-match-property-value-ecmascript/download/unicode-match-property-value-ecmascript-1.0.2.tgz#9f1dc76926d6ccf452310564fd834ace059663d4"
    integrity sha1-nx3HaSbWzPRSMQVk/YNKzgWWY9Q=
  
  unicode-property-aliases-ecmascript@^1.0.4:
    version "1.0.4"
    resolved "http://registry.npm.taobao.org/unicode-property-aliases-ecmascript/download/unicode-property-aliases-ecmascript-1.0.4.tgz#5a533f31b4317ea76f17d807fa0d116546111dd0"
    integrity sha1-WlM/MbQxfqdvF9gH+g0RZUYRHdA=
  
  wcwidth@^1.0.1:
    version "1.0.1"
    resolved "http://registry.npm.taobao.org/wcwidth/download/wcwidth-1.0.1.tgz#f0b0dcf915bc5ff1528afadb2c0e17b532da2fe8"
    integrity sha1-8LDc+RW8X/FSivrbLA4XtTLaL+g=
    dependencies:
      defaults "^1.0.3"
